2019-03-08 16:37:30,000 - Queries - INFO - select remotePWM,motorCurrent,feederCurrent from SensorData where id<1000
2019-03-08 16:39:05,365 - Queries - INFO - select id,remotePWM,motorCurrent,feederCurrent from SensorData 
2019-03-08 16:39:17,674 - Queries - INFO - select id,remotePWM,motorCurrent,feederCurrent from SensorData 
2019-03-08 16:39:18,455 - Queries - INFO - select id,remotePWM,motorCurrent,feederCurrent from SensorData 
2019-03-08 16:39:18,643 - Queries - INFO - select id,remotePWM,motorCurrent,feederCurrent from SensorData 
2019-03-08 16:39:18,843 - Queries - INFO - select id,remotePWM,motorCurrent,feederCurrent from SensorData 
2019-03-08 16:40:44,764 - Queries - INFO - select id,remotePWM,motorCurrent,feederCurrent from SensorData where motorCurrent>0
2019-03-08 16:47:27,843 - Queries - INFO - select id,remotePWM,motorCurrent,feederCurrent from SensorData where motorCurrent>0 and sessionID=32
2019-03-08 16:47:57,634 - Queries - INFO - select id,remotePWM,motorCurrent,feederCurrent from SensorData where motorCurrent>0 and sessionID=32
2019-03-08 16:57:27,828 - Queries - INFO - select id,remotePWM,motorCurrent,feederCurrent from SensorData where motorCurrent>1 and sessionID=32
2019-03-08 17:00:25,800 - Queries - INFO - select id,remotePWM,motorCurrent,feederCurrent from SensorData where motorCurrent>1 and sessionID=32
2019-03-12 09:35:20,106 - Queries - INFO - select id, sessionID,depth, outputPWM,motorCurrent,feederCurrent from SensorData where motorCurrent>0;
2019-03-12 12:14:48,854 - Queries - INFO - select sessionID,depth, outputPWM,motorCurrent,inputVC,feederCurrent from SensorData where motorCurrent>0 and inputVC >0;
2019-03-12 15:58:24,312 - Queries - INFO - b'select id,remotePWM,motorCurrent,feederCurrent from SensorData where motorCurrent>0 and sessionID=32'
2019-03-12 16:17:31,716 - Queries - INFO - b'select id,remotePWM,motorCurrent,feederCurrent from SensorData where motorCurrent>0'
2019-03-12 16:20:45,232 - Queries - INFO - b'select id,remotePWM,motorCurrent,feederCurrent from SensorData where motorCurrent>0 and sessionID=32'
2019-03-12 16:24:59,830 - Queries - INFO - b'SELECT sessionID, COUNT(*) as count,\n            (SELECT timeStamp FROM Sessions WHERE sessionID = SensorData.sessionID) as timeStamp\n    FROM SensorData\n    GROUP BY sessionID\n    HAVING COUNT(sessionID)> 100'
2019-03-12 16:37:00,378 - Queries - INFO - b'SELECT sessionID, COUNT(*) as count,\\n            (SELECT timeStamp FROM Sessions WHERE sessionID = SensorData.sessionID) as timeStamp\\n    FROM SensorData\\n    GROUP BY sessionID\\n    HAVING COUNT(sessionID)> 100'
2019-03-12 16:40:22,084 - Queries - INFO - b'SELECT sessionID, COUNT(*) as count,           (SELECT timeStamp FROM Sessions WHERE sessionID = SensorData.sessionID) as timeStamp    FROM SensorData   GROUP BY sessionID    HAVING COUNT(sessionID)> 100'
2019-03-12 16:43:51,028 - Queries - INFO - b'SELECT sessionID, COUNT(*) as count,            (SELECT timeStamp FROM Sessions WHERE sessionID = SensorData.sessionID) as timeStamp    FROM SensorData    GROUP BY sessionID    HAVING COUNT(sessionID)> 100'
2019-03-12 16:43:56,567 - Queries - INFO - b'select id,remotePWM,motorCurrent,feederCurrent from SensorData \n'
2019-03-12 16:44:28,418 - Queries - INFO - b'select id,remotePWM,motorCurrent,feederCurrent from SensorData where motorCurrent>0\n'
